2020-06-02 21:38:50,065 Start time

2020-06-02 22:39:44,222 Hour: 1
2020-06-02 22:39:44,234 Hourly Averages
2020-06-02 22:39:44,235 Temp: 78.38 F  Humidity: 48.47%
2020-06-02 22:39:51,694 CIMIS Values
2020-06-02 22:39:51,695 Temp: 66.1 F  Humidity: 84.0%
2020-06-02 22:39:57,335 ET Values
2020-06-02 22:39:57,336 Local: 0.00 CIMIS: 0.0
2020-06-02 22:40:00,948 Gallons used in this hour: 0.0
2020-06-02 22:40:03,483 Irrigating...
2020-06-02 22:40:03,484 Time: 0.00sec
2020-06-02 22:40:03,485 Irrigation done

2020-06-02 23:40:50,468 Hour: 2
2020-06-02 23:40:50,479 Hourly Averages
2020-06-02 23:40:50,480 Temp: 78.24 F  Humidity: 48.27%
2020-06-02 23:40:57,838 CIMIS Values
2020-06-02 23:40:57,839 Temp: 65.0 F  Humidity: 86.0%
2020-06-02 23:41:03,490 ET Values
2020-06-02 23:41:03,491 Local: 0.00 CIMIS: 0.0
2020-06-02 23:41:07,103 Gallons used in this hour: 0.0
2020-06-02 23:41:09,635 Irrigating...
2020-06-02 23:41:09,636 Time: 0.00sec
2020-06-02 23:41:09,639 Irrigation done

2020-06-03 00:42:09,142 Hour: 3
2020-06-03 00:42:09,154 Hourly Averages
2020-06-03 00:42:09,155 Temp: 77.89 F  Humidity: 48.85%
2020-06-03 00:42:16,491 CIMIS Values
2020-06-03 00:42:16,492 Temp: 63.9 F  Humidity: 89.0%
2020-06-03 00:42:22,136 ET Values
2020-06-03 00:42:22,137 Local: 0.00 CIMIS: 0.0
2020-06-03 00:42:25,749 Gallons used in this hour: 0.0
2020-06-03 00:42:28,280 Irrigating...
2020-06-03 00:42:28,281 Time: 0.00sec
2020-06-03 00:42:28,282 Irrigation done

2020-06-03 01:42:30,993 Hour: 4
2020-06-03 01:42:31,005 Hourly Averages
2020-06-03 01:42:31,005 Temp: 77.80 F  Humidity: 50.27%
2020-06-03 01:42:38,477 CIMIS Values
2020-06-03 01:42:38,477 Temp: 63.3 F  Humidity: 89.0%
2020-06-03 01:42:44,127 ET Values
2020-06-03 01:42:44,128 Local: 0.00 CIMIS: 0.0
2020-06-03 01:42:47,749 Gallons used in this hour: 0.0
2020-06-03 01:42:50,280 Irrigating...
2020-06-03 01:42:50,281 Time: 0.00sec
2020-06-03 01:42:50,282 Irrigation done

2020-06-03 02:43:44,131 Hour: 5
2020-06-03 02:43:44,143 Hourly Averages
2020-06-03 02:43:44,144 Temp: 77.56 F  Humidity: 50.48%
2020-06-03 02:43:51,457 CIMIS Values
2020-06-03 02:43:51,458 Temp: 63.6 F  Humidity: 86.0%
2020-06-03 02:43:57,105 ET Values
2020-06-03 02:43:57,106 Local: 0.00 CIMIS: 0.0
2020-06-03 02:44:00,725 Gallons used in this hour: 0.0
2020-06-03 02:44:03,256 Irrigating...
2020-06-03 02:44:03,257 Time: 0.00sec
2020-06-03 02:44:03,258 Irrigation done

2020-06-03 03:45:02,829 Hour: 6
2020-06-03 03:45:02,840 Hourly Averages
2020-06-03 03:45:02,841 Temp: 77.30 F  Humidity: 51.32%
2020-06-03 03:45:10,202 CIMIS Values
2020-06-03 03:45:10,202 Temp: 63.8 F  Humidity: 86.0%
2020-06-03 03:45:15,840 ET Values
2020-06-03 03:45:15,840 Local: 0.00 CIMIS: 0.0
2020-06-03 03:45:19,452 Gallons used in this hour: 0.0
2020-06-03 03:45:21,983 Irrigating...
2020-06-03 03:45:21,984 Time: 0.00sec
2020-06-03 03:45:21,985 Irrigation done

2020-06-03 04:45:23,999 Hour: 7
2020-06-03 04:45:24,011 Hourly Averages
2020-06-03 04:45:24,011 Temp: 77.18 F  Humidity: 51.22%
2020-06-03 04:45:31,345 CIMIS Values
2020-06-03 04:45:31,345 Temp: 63.0 F  Humidity: 88.0%
2020-06-03 04:45:36,989 ET Values
2020-06-03 04:45:36,990 Local: 0.00 CIMIS: 0.0
2020-06-03 04:45:40,603 Gallons used in this hour: 0.0
2020-06-03 04:45:43,045 Irrigating...
2020-06-03 04:45:43,046 Time: 0.00sec
2020-06-03 04:45:43,046 Irrigation done

2020-06-03 05:46:40,212 Hour: 8
2020-06-03 05:46:40,224 Hourly Averages
2020-06-03 05:46:40,225 Temp: 76.90 F  Humidity: 51.82%
2020-06-03 05:46:47,237 CIMIS Values
2020-06-03 05:46:47,238 Temp: 62.1 F  Humidity: 90.0%
2020-06-03 05:46:52,874 ET Values
2020-06-03 05:46:52,875 Local: 0.00 CIMIS: 0.0
2020-06-03 05:46:56,487 Gallons used in this hour: 0.0
2020-06-03 05:46:59,019 Irrigating...
2020-06-03 05:46:59,019 Time: 0.00sec
2020-06-03 05:46:59,020 Irrigation done

2020-06-03 06:47:53,013 Hour: 9
2020-06-03 06:47:53,025 Hourly Averages
2020-06-03 06:47:53,025 Temp: 76.56 F  Humidity: 52.00%
2020-06-03 06:48:00,428 CIMIS Values
2020-06-03 06:48:00,429 Temp: 60.3 F  Humidity: 91.0%
2020-06-03 06:48:06,085 ET Values
2020-06-03 06:48:06,086 Local: 0.00 CIMIS: 0.0
2020-06-03 06:48:09,704 Gallons used in this hour: 0.0
2020-06-03 06:48:12,236 Irrigating...
2020-06-03 06:48:12,236 Time: 0.00sec
2020-06-03 06:48:12,238 Irrigation done

2020-06-03 07:49:13,043 Hour: 10
2020-06-03 07:49:13,055 Hourly Averages
2020-06-03 07:49:13,055 Temp: 76.42 F  Humidity: 52.28%
2020-06-03 07:49:20,480 CIMIS Values
2020-06-03 07:49:20,481 Temp: 61.2 F  Humidity: 90.0%
2020-06-03 07:49:26,126 ET Values
2020-06-03 07:49:26,130 Local: 0.00 CIMIS: 0.0
2020-06-03 07:49:29,749 Gallons used in this hour: 0.0
2020-06-03 07:49:32,280 Irrigating...
2020-06-03 07:49:32,281 Time: 0.00sec
2020-06-03 07:49:32,282 Irrigation done

2020-06-03 08:49:49,642 Hour: 11
2020-06-03 08:49:49,654 Hourly Averages
2020-06-03 08:49:49,655 Temp: 76.53 F  Humidity: 50.73%
2020-06-03 08:49:57,101 CIMIS Values
2020-06-03 08:49:57,102 Temp: 64.4 F  Humidity: 93.0%
2020-06-03 08:50:02,743 ET Values
2020-06-03 08:50:02,744 Local: 0.02 CIMIS: 0.01
2020-06-03 08:50:06,590 Gallons used in this hour: 3.601931695695754
2020-06-03 08:50:09,133 Irrigating...
2020-06-03 08:50:09,133 Time: 12.71sec
2020-06-03 08:50:21,954 Irrigation done

2020-06-03 09:50:50,449 Hour: 12
2020-06-03 09:50:50,460 Hourly Averages
2020-06-03 09:50:50,461 Temp: 76.85 F  Humidity: 49.52%
2020-06-03 09:50:57,818 CIMIS Values
2020-06-03 09:50:57,818 Temp: 66.3 F  Humidity: 90.0%
2020-06-03 09:51:03,474 ET Values
2020-06-03 09:51:03,474 Local: 0.02 CIMIS: 0.01
2020-06-03 09:51:07,325 Gallons used in this hour: 3.4833637378520277
2020-06-03 09:51:09,868 Irrigating...
2020-06-03 09:51:09,869 Time: 12.29sec
2020-06-03 09:51:22,292 Irrigation done

2020-06-03 10:52:06,080 Hour: 13
2020-06-03 10:52:06,092 Hourly Averages
2020-06-03 10:52:06,093 Temp: 77.24 F  Humidity: 48.60%
2020-06-03 10:52:13,510 CIMIS Values
2020-06-03 10:52:13,511 Temp: 74.2 F  Humidity: 63.0%
2020-06-03 10:52:19,151 ET Values
2020-06-03 10:52:19,152 Local: 0.03 CIMIS: 0.02
2020-06-03 10:52:22,999 Gallons used in this hour: 4.461862566969486
2020-06-03 10:52:25,543 Irrigating...
2020-06-03 10:52:25,544 Time: 15.75sec
2020-06-03 10:52:38,902 Irrigation done

2020-06-03 11:52:39,792 Hour: 14
2020-06-03 11:52:39,804 Hourly Averages
2020-06-03 11:52:39,805 Temp: 77.56 F  Humidity: 52.20%
2020-06-03 11:52:46,861 CIMIS Values
2020-06-03 11:52:46,862 Temp: 79.9 F  Humidity: 49.0%
2020-06-03 11:52:52,521 ET Values
2020-06-03 11:52:52,522 Local: 0.02 CIMIS: 0.02
2020-06-03 11:52:56,376 Gallons used in this hour: 3.0127932036257428
2020-06-03 11:52:58,902 Irrigating...
2020-06-03 11:52:58,902 Time: 10.63sec
2020-06-03 11:53:07,529 Irrigation done

2020-06-03 12:53:57,338 Hour: 15
2020-06-03 12:53:57,350 Hourly Averages
2020-06-03 12:53:57,350 Temp: 77.43 F  Humidity: 54.43%
2020-06-03 12:54:04,757 CIMIS Values
2020-06-03 12:54:04,758 Temp: 85.0 F  Humidity: 39.0%
2020-06-03 12:54:10,400 ET Values
2020-06-03 12:54:10,403 Local: 0.02 CIMIS: 0.03
2020-06-03 12:54:14,253 Gallons used in this hour: 3.2374251071647264
2020-06-03 12:54:16,780 Irrigating...
2020-06-03 12:54:16,780 Time: 11.43sec
2020-06-03 12:54:28,402 Irrigation done

2020-06-03 13:54:21,800 Hour: 16
2020-06-03 13:54:21,812 Hourly Averages
2020-06-03 13:54:21,813 Temp: 77.44 F  Humidity: 51.78%
2020-06-03 13:54:29,238 CIMIS Values
2020-06-03 13:54:29,239 Temp: 88.5 F  Humidity: 33.0%
2020-06-03 13:54:34,890 ET Values
2020-06-03 13:54:34,891 Local: 0.02 CIMIS: 0.03
2020-06-03 13:54:38,737 Gallons used in this hour: 2.7660159804710234
2020-06-03 13:54:41,256 Irrigating...
2020-06-03 13:54:41,257 Time: 9.76sec
2020-06-03 13:54:51,072 Irrigation done

2020-06-03 14:55:24,746 Hour: 17
2020-06-03 14:55:24,758 Hourly Averages
2020-06-03 14:55:24,759 Temp: 78.28 F  Humidity: 50.68%
2020-06-03 14:55:32,140 CIMIS Values
2020-06-03 14:55:32,140 Temp: 88.8 F  Humidity: 36.0%
2020-06-03 14:55:37,774 ET Values
2020-06-03 14:55:37,775 Local: 0.02 CIMIS: 0.03
2020-06-03 14:55:41,622 Gallons used in this hour: 3.105601749069031
2020-06-03 14:55:44,064 Irrigating...
2020-06-03 14:55:44,065 Time: 10.96sec
2020-06-03 14:55:55,083 Irrigation done

2020-06-03 15:56:37,831 Hour: 18
2020-06-03 15:56:37,843 Hourly Averages
2020-06-03 15:56:37,843 Temp: 78.01 F  Humidity: 48.58%
2020-06-03 15:56:45,191 CIMIS Values
2020-06-03 15:56:45,192 Temp: 86.7 F  Humidity: 36.0%
2020-06-03 15:56:50,838 ET Values
2020-06-03 15:56:50,839 Local: 0.02 CIMIS: 0.03
2020-06-03 15:56:54,686 Gallons used in this hour: 3.3071227667416463
2020-06-03 15:56:57,214 Irrigating...
2020-06-03 15:56:57,215 Time: 11.67sec
2020-06-03 15:57:09,035 Irrigation done

2020-06-03 16:57:03,357 Hour: 19
2020-06-03 16:57:03,369 Hourly Averages
2020-06-03 16:57:03,369 Temp: 77.72 F  Humidity: 47.24%
2020-06-03 16:57:10,714 CIMIS Values
2020-06-03 16:57:10,715 Temp: 86.6 F  Humidity: 37.0%
2020-06-03 16:57:16,365 ET Values
2020-06-03 16:57:16,366 Local: 0.02 CIMIS: 0.03
2020-06-03 16:57:20,214 Gallons used in this hour: 3.486553190290454
2020-06-03 16:57:22,742 Irrigating...
2020-06-03 16:57:22,743 Time: 12.31sec
2020-06-03 16:57:35,161 Irrigation done

2020-06-03 17:57:29,930 Hour: 20
2020-06-03 17:57:29,942 Hourly Averages
2020-06-03 17:57:29,943 Temp: 77.91 F  Humidity: 46.37%
2020-06-03 17:57:37,387 CIMIS Values
2020-06-03 17:57:37,387 Temp: 86.9 F  Humidity: 36.0%
2020-06-03 17:57:43,036 ET Values
2020-06-03 17:57:43,039 Local: 0.01 CIMIS: 0.02
2020-06-03 17:57:46,889 Gallons used in this hour: 2.301518906587528
2020-06-03 17:57:49,405 Irrigating...
2020-06-03 17:57:49,406 Time: 8.12sec
2020-06-03 17:57:57,621 Irrigation done

2020-06-03 18:57:52,081 Hour: 21
2020-06-03 18:57:52,093 Hourly Averages
2020-06-03 18:57:52,094 Temp: 77.48 F  Humidity: 45.19%
2020-06-03 18:57:59,439 CIMIS Values
2020-06-03 18:57:59,440 Temp: 83.4 F  Humidity: 40.0%
2020-06-03 18:58:05,084 ET Values
2020-06-03 18:58:05,085 Local: 0.02 CIMIS: 0.02
2020-06-03 18:58:08,938 Gallons used in this hour: 2.719211793356012
2020-06-03 18:58:11,461 Irrigating...
2020-06-03 18:58:11,462 Time: 9.60sec
2020-06-03 18:58:21,076 Irrigation done

2020-06-03 19:58:16,408 Hour: 22
2020-06-03 19:58:16,420 Hourly Averages
2020-06-03 19:58:16,420 Temp: 77.30 F  Humidity: 45.19%
2020-06-03 19:58:23,745 CIMIS Values
2020-06-03 19:58:23,745 Temp: 81.1 F  Humidity: 40.0%
2020-06-03 19:58:29,381 ET Values
2020-06-03 19:58:29,382 Local: 0.01 CIMIS: 0.01
2020-06-03 19:58:33,235 Gallons used in this hour: 1.394916028637246
2020-06-03 19:58:35,757 Irrigating...
2020-06-03 19:58:35,758 Time: 4.92sec
2020-06-03 19:58:40,766 Irrigation done

2020-06-03 20:58:47,342 Hour: 23
2020-06-03 20:58:47,354 Hourly Averages
2020-06-03 20:58:47,355 Temp: 77.29 F  Humidity: 46.32%
2020-06-03 20:58:54,747 CIMIS Values
2020-06-03 20:58:54,748 Temp: 74.3 F  Humidity: 60.0%
2020-06-03 20:59:00,395 ET Values
2020-06-03 20:59:00,396 Local: 0.00 CIMIS: 0.0
2020-06-03 20:59:04,011 Gallons used in this hour: 0.0
2020-06-03 20:59:06,544 Irrigating...
2020-06-03 20:59:06,545 Time: 0.00sec
2020-06-03 20:59:06,546 Irrigation done

2020-06-03 22:00:07,085 Hour: 24
2020-06-03 22:00:07,097 Hourly Averages
2020-06-03 22:00:07,097 Temp: 77.21 F  Humidity: 45.83%
2020-06-03 22:00:14,501 CIMIS Values
2020-06-03 22:00:14,501 Temp: 69.4 F  Humidity: 73.0%
2020-06-03 22:00:20,152 ET Values
2020-06-03 22:00:20,152 Local: 0.00 CIMIS: 0.0
2020-06-03 22:00:23,763 Gallons used in this hour: 0.0
2020-06-03 22:00:26,296 Irrigating...
2020-06-03 22:00:26,296 Time: 0.00sec
2020-06-03 22:00:26,297 Irrigation done

2020-06-03 22:00:37,215 After 24 hours ...
2020-06-03 22:00:37,215 Total ET Station: 0.26
2020-06-03 22:00:37,216 Total ET Local: 0.23
2020-06-03 22:00:37,216 CIMIS Temperature Average: 72.825
2020-06-03 22:00:37,217 CIMIS Humidity Average: 66.83333333333333
2020-06-03 22:00:37,217 Local Temperature Average: 77.43654025423727
2020-06-03 22:00:37,217 Local Humidity Average: 49.485075329566854
2020-06-03 22:00:37,218 Total gallons local: 38.02666666666666
2020-06-03 22:00:37,218 Total gallons CIMIS: 42.98666666666666
2020-06-03 22:00:37,219 Total irrigation time: 130.15
